TN:
SF:server.js
FN:24,(anonymous_0)
FN:28,setSql
FN:55,initDB
FN:261,(anonymous_3)
FN:291,(anonymous_4)
FN:333,(anonymous_5)
FN:391,(anonymous_6)
FN:417,(anonymous_7)
FN:444,(anonymous_8)
FN:473,(anonymous_9)
FN:476,(anonymous_10)
FN:483,(anonymous_11)
FN:510,(anonymous_12)
FN:533,(anonymous_13)
FN:564,(anonymous_14)
FN:573,(anonymous_15)
FN:601,(anonymous_16)
FN:628,(anonymous_17)
FN:642,(anonymous_18)
FN:656,(anonymous_19)
FN:693,(anonymous_20)
FN:714,(anonymous_21)
FN:732,(anonymous_22)
FN:744,(anonymous_23)
FN:764,(anonymous_24)
FN:775,(anonymous_25)
FN:795,(anonymous_26)
FN:813,(anonymous_27)
FN:823,(anonymous_28)
FN:834,(anonymous_29)
FN:852,(anonymous_30)
FN:885,(anonymous_31)
FN:917,(anonymous_32)
FN:923,(anonymous_33)
FN:935,(anonymous_34)
FN:960,(anonymous_35)
FN:984,(anonymous_36)
FN:997,(anonymous_37)
FN:1022,(anonymous_38)
FN:1023,(anonymous_39)
FN:1031,(anonymous_40)
FN:1033,(anonymous_41)
FNF:42
FNH:37
FNDA:29,(anonymous_0)
FNDA:70,setSql
FNDA:0,initDB
FNDA:3,(anonymous_3)
FNDA:4,(anonymous_4)
FNDA:4,(anonymous_5)
FNDA:5,(anonymous_6)
FNDA:0,(anonymous_7)
FNDA:2,(anonymous_8)
FNDA:1,(anonymous_9)
FNDA:1,(anonymous_10)
FNDA:2,(anonymous_11)
FNDA:4,(anonymous_12)
FNDA:2,(anonymous_13)
FNDA:1,(anonymous_14)
FNDA:6,(anonymous_15)
FNDA:0,(anonymous_16)
FNDA:2,(anonymous_17)
FNDA:2,(anonymous_18)
FNDA:4,(anonymous_19)
FNDA:2,(anonymous_20)
FNDA:2,(anonymous_21)
FNDA:1,(anonymous_22)
FNDA:3,(anonymous_23)
FNDA:1,(anonymous_24)
FNDA:2,(anonymous_25)
FNDA:2,(anonymous_26)
FNDA:1,(anonymous_27)
FNDA:1,(anonymous_28)
FNDA:1,(anonymous_29)
FNDA:3,(anonymous_30)
FNDA:2,(anonymous_31)
FNDA:1,(anonymous_32)
FNDA:1,(anonymous_33)
FNDA:2,(anonymous_34)
FNDA:2,(anonymous_35)
FNDA:2,(anonymous_36)
FNDA:1,(anonymous_37)
FNDA:1,(anonymous_38)
FNDA:1,(anonymous_39)
FNDA:0,(anonymous_40)
FNDA:0,(anonymous_41)
DA:1,1
DA:2,1
DA:3,1
DA:4,1
DA:5,1
DA:6,1
DA:7,1
DA:8,1
DA:10,1
DA:11,1
DA:14,1
DA:15,1
DA:19,1
DA:20,0
DA:24,29
DA:25,1
DA:29,70
DA:33,1
DA:40,1
DA:49,1
DA:56,0
DA:58,0
DA:73,0
DA:81,0
DA:82,0
DA:83,0
DA:84,0
DA:87,0
DA:102,0
DA:116,0
DA:122,0
DA:130,0
DA:141,0
DA:157,0
DA:167,0
DA:179,0
DA:192,0
DA:202,0
DA:203,0
DA:204,0
DA:205,0
DA:206,0
DA:207,0
DA:210,0
DA:211,0
DA:212,0
DA:213,0
DA:214,0
DA:216,0
DA:220,0
DA:221,0
DA:222,0
DA:231,0
DA:232,0
DA:234,0
DA:238,0
DA:239,0
DA:240,0
DA:241,0
DA:242,0
DA:246,0
DA:249,0
DA:251,0
DA:252,0
DA:261,1
DA:262,3
DA:263,3
DA:265,3
DA:266,1
DA:269,2
DA:270,2
DA:271,1
DA:274,1
DA:275,1
DA:276,1
DA:278,1
DA:283,1
DA:285,0
DA:286,0
DA:291,1
DA:292,4
DA:293,4
DA:295,4
DA:296,1
DA:299,3
DA:300,3
DA:301,1
DA:304,2
DA:305,2
DA:306,2
DA:307,1
DA:310,1
DA:323,0
DA:324,0
DA:333,1
DA:334,4
DA:335,4
DA:337,4
DA:338,1
DA:340,3
DA:341,1
DA:343,2
DA:344,0
DA:348,2
DA:354,2
DA:355,1
DA:359,1
DA:368,1
DA:369,1
DA:371,1
DA:380,1
DA:385,0
DA:386,0
DA:391,1
DA:392,5
DA:393,5
DA:394,5
DA:396,5
DA:397,1
DA:399,4
DA:400,1
DA:403,3
DA:406,3
DA:407,1
DA:409,2
DA:411,2
DA:412,1
DA:416,1
DA:417,0
DA:420,1
DA:422,1
DA:428,1
DA:432,1
DA:438,0
DA:439,0
DA:444,1
DA:445,2
DA:446,2
DA:447,2
DA:459,2
DA:462,2
DA:467,0
DA:468,0
DA:473,1
DA:476,1
DA:483,1
DA:484,2
DA:485,2
DA:486,2
DA:488,1
DA:489,1
DA:490,6
DA:499,6
DA:500,6
DA:502,1
DA:504,0
DA:505,0
DA:510,1
DA:511,4
DA:512,4
DA:513,4
DA:514,1
DA:517,3
DA:521,3
DA:522,1
DA:525,2
DA:533,2
DA:536,2
DA:537,1
DA:541,1
DA:546,2
DA:547,1
DA:550,1
DA:552,1
DA:558,1
DA:559,1
DA:562,1
DA:564,1
DA:567,0
DA:568,0
DA:573,1
DA:574,6
DA:575,6
DA:576,6
DA:578,6
DA:579,1
DA:581,5
DA:582,1
DA:585,4
DA:586,4
DA:588,3
DA:589,3
DA:590,1
DA:592,2
DA:595,2
DA:596,1
DA:597,1
DA:600,1
DA:601,0
DA:604,1
DA:606,1
DA:612,1
DA:616,1
DA:622,0
DA:623,0
DA:628,1
DA:629,2
DA:630,2
DA:631,2
DA:642,2
DA:648,2
DA:650,0
DA:651,0
DA:656,1
DA:657,4
DA:658,4
DA:659,4
DA:661,4
DA:662,4
DA:664,3
DA:665,3
DA:666,1
DA:671,2
DA:672,2
DA:673,2
DA:674,2
DA:675,2
DA:676,2
DA:678,2
DA:679,1
DA:681,1
DA:684,1
DA:685,1
DA:687,0
DA:688,0
DA:693,1
DA:694,2
DA:695,2
DA:696,2
DA:699,2
DA:700,1
DA:702,1
DA:704,0
DA:705,0
DA:714,1
DA:715,2
DA:716,2
DA:717,2
DA:719,1
DA:732,1
DA:736,1
DA:738,0
DA:739,0
DA:744,1
DA:745,3
DA:746,3
DA:747,3
DA:748,3
DA:750,2
DA:751,1
DA:754,1
DA:755,1
DA:756,1
DA:758,0
DA:759,0
DA:764,1
DA:765,1
DA:766,1
DA:767,1
DA:769,0
DA:770,0
DA:775,1
DA:776,2
DA:777,2
DA:778,2
DA:779,2
DA:786,2
DA:787,1
DA:789,0
DA:790,0
DA:795,1
DA:796,2
DA:797,2
DA:798,2
DA:800,1
DA:805,1
DA:807,0
DA:808,0
DA:813,1
DA:814,1
DA:815,1
DA:816,1
DA:817,1
DA:823,1
DA:826,1
DA:828,0
DA:829,0
DA:834,1
DA:835,1
DA:852,1
DA:853,3
DA:854,3
DA:855,3
DA:856,1
DA:860,1
DA:864,1
DA:865,2
DA:866,1
DA:870,1
DA:874,1
DA:876,1
DA:879,0
DA:880,0
DA:885,1
DA:886,2
DA:887,2
DA:888,2
DA:890,1
DA:891,1
DA:892,1
DA:896,1
DA:900,1
DA:906,1
DA:907,1
DA:909,1
DA:911,0
DA:912,0
DA:917,1
DA:918,1
DA:919,1
DA:923,1
DA:927,1
DA:929,0
DA:930,0
DA:935,1
DA:936,2
DA:937,2
DA:938,2
DA:939,1
DA:941,1
DA:942,1
DA:944,1
DA:945,1
DA:947,1
DA:952,1
DA:954,0
DA:955,0
DA:960,1
DA:961,2
DA:962,2
DA:963,2
DA:964,2
DA:965,2
DA:967,1
DA:976,1
DA:978,0
DA:979,0
DA:984,1
DA:985,2
DA:986,2
DA:987,2
DA:988,2
DA:989,1
DA:991,0
DA:992,0
DA:997,1
DA:998,1
DA:999,1
DA:1000,1
DA:1002,1
DA:1003,1
DA:1004,1
DA:1005,1
DA:1007,1
DA:1016,0
DA:1017,0
DA:1022,1
DA:1023,1
DA:1024,1
DA:1030,1
DA:1031,0
DA:1032,0
DA:1033,0
DA:1034,0
DA:1039,1
LF:385
LH:285
BRDA:11,0,0,1
BRDA:11,0,1,1
BRDA:19,1,0,0
BRDA:19,1,1,1
BRDA:211,2,0,0
BRDA:211,2,1,0
BRDA:213,3,0,0
BRDA:213,3,1,0
BRDA:213,4,0,0
BRDA:213,4,1,0
BRDA:221,5,0,0
BRDA:221,5,1,0
BRDA:239,6,0,0
BRDA:239,6,1,0
BRDA:265,7,0,1
BRDA:265,7,1,2
BRDA:265,8,0,3
BRDA:265,8,1,3
BRDA:265,8,2,2
BRDA:265,8,3,2
BRDA:265,8,4,2
BRDA:265,8,5,2
BRDA:270,9,0,1
BRDA:270,9,1,1
BRDA:276,10,0,1
BRDA:276,10,1,1
BRDA:295,11,0,1
BRDA:295,11,1,3
BRDA:295,12,0,4
BRDA:295,12,1,4
BRDA:300,13,0,1
BRDA:300,13,1,2
BRDA:306,14,0,1
BRDA:306,14,1,1
BRDA:319,15,0,1
BRDA:319,15,1,0
BRDA:337,16,0,1
BRDA:337,16,1,3
BRDA:337,17,0,4
BRDA:337,17,1,3
BRDA:337,17,2,3
BRDA:340,18,0,1
BRDA:340,18,1,2
BRDA:343,19,0,0
BRDA:343,19,1,2
BRDA:343,20,0,2
BRDA:343,20,1,2
BRDA:354,21,0,1
BRDA:354,21,1,1
BRDA:374,22,0,0
BRDA:374,22,1,1
BRDA:375,23,0,1
BRDA:375,23,1,0
BRDA:396,24,0,1
BRDA:396,24,1,4
BRDA:396,25,0,5
BRDA:396,25,1,5
BRDA:399,26,0,1
BRDA:399,26,1,3
BRDA:406,27,0,1
BRDA:406,27,1,2
BRDA:411,28,0,1
BRDA:411,28,1,1
BRDA:416,29,0,0
BRDA:416,29,1,1
BRDA:463,30,0,1
BRDA:463,30,1,1
BRDA:486,31,0,1
BRDA:486,31,1,1
BRDA:513,32,0,1
BRDA:513,32,1,3
BRDA:513,33,0,4
BRDA:513,33,1,4
BRDA:513,33,2,4
BRDA:513,33,3,3
BRDA:513,33,4,3
BRDA:521,34,0,1
BRDA:521,34,1,2
BRDA:536,35,0,1
BRDA:536,35,1,1
BRDA:546,36,0,1
BRDA:546,36,1,1
BRDA:578,37,0,1
BRDA:578,37,1,5
BRDA:578,38,0,6
BRDA:578,38,1,6
BRDA:581,39,0,1
BRDA:581,39,1,4
BRDA:586,40,0,1
BRDA:586,40,1,3
BRDA:589,41,0,1
BRDA:589,41,1,2
BRDA:592,42,0,2
BRDA:592,42,1,0
BRDA:593,43,0,0
BRDA:593,43,1,2
BRDA:593,44,0,2
BRDA:593,44,1,2
BRDA:595,45,0,1
BRDA:595,45,1,1
BRDA:595,46,0,2
BRDA:595,46,1,2
BRDA:600,47,0,0
BRDA:600,47,1,1
BRDA:644,48,0,0
BRDA:644,48,1,2
BRDA:645,49,0,0
BRDA:645,49,1,0
BRDA:645,50,0,0
BRDA:645,50,1,0
BRDA:662,51,0,1
BRDA:662,51,1,3
BRDA:665,52,0,1
BRDA:665,52,1,2
BRDA:665,53,0,3
BRDA:665,53,1,2
BRDA:672,54,0,2
BRDA:672,54,1,0
BRDA:678,55,0,1
BRDA:678,55,1,1
BRDA:699,56,0,1
BRDA:699,56,1,1
BRDA:717,57,0,1
BRDA:717,57,1,1
BRDA:748,58,0,1
BRDA:748,58,1,2
BRDA:750,59,0,1
BRDA:750,59,1,1
BRDA:781,60,0,2
BRDA:781,60,1,0
BRDA:782,61,0,1
BRDA:782,61,1,1
BRDA:786,62,0,1
BRDA:786,62,1,1
BRDA:798,63,0,1
BRDA:798,63,1,1
BRDA:798,64,0,2
BRDA:798,64,1,1
BRDA:802,65,0,1
BRDA:802,65,1,1
BRDA:802,66,0,1
BRDA:802,66,1,1
BRDA:816,67,0,1
BRDA:816,67,1,0
BRDA:855,68,0,1
BRDA:855,68,1,2
BRDA:855,69,0,3
BRDA:855,69,1,1
BRDA:865,70,0,1
BRDA:865,70,1,1
BRDA:865,71,0,2
BRDA:865,71,1,1
BRDA:888,72,0,1
BRDA:888,72,1,1
BRDA:938,73,0,1
BRDA:938,73,1,1
BRDA:938,74,0,2
BRDA:938,74,1,2
BRDA:938,74,2,1
BRDA:938,74,3,1
BRDA:938,74,4,1
BRDA:938,74,5,1
BRDA:942,75,0,0
BRDA:942,75,1,1
BRDA:965,76,0,1
BRDA:965,76,1,1
BRDA:969,77,0,1
BRDA:969,77,1,0
BRDA:970,78,0,0
BRDA:970,78,1,1
BRDA:971,79,0,1
BRDA:971,79,1,1
BRDA:972,80,0,0
BRDA:972,80,1,1
BRDA:973,81,0,0
BRDA:973,81,1,1
BRDA:988,82,0,1
BRDA:988,82,1,1
BRDA:1000,83,0,1
BRDA:1000,83,1,0
BRDA:1030,84,0,0
BRDA:1030,84,1,1
BRF:182
BRH:148
end_of_record
TN:
SF:lib/auth.js
FN:1,requireRole
FN:2,(anonymous_1)
FNF:2
FNH:2
FNDA:14,requireRole
FNDA:29,(anonymous_1)
DA:2,14
DA:3,29
DA:4,29
DA:5,29
DA:6,29
DA:7,2
DA:9,27
DA:10,27
DA:11,1
DA:13,26
DA:14,1
DA:16,25
DA:17,25
DA:19,0
DA:20,0
DA:25,1
LF:16
LH:14
BRDA:4,0,0,29
BRDA:4,0,1,0
BRDA:5,1,0,29
BRDA:5,1,1,16
BRDA:5,1,2,16
BRDA:6,2,0,2
BRDA:6,2,1,27
BRDA:10,3,0,1
BRDA:10,3,1,26
BRDA:13,4,0,1
BRDA:13,4,1,25
BRF:11
BRH:10
end_of_record
TN:
SF:lib/crypto.js
FN:6,getKey
FN:14,encrypt
FN:24,decrypt
FNF:3
FNH:3
FNDA:6,getKey
FNDA:7,encrypt
FNDA:6,decrypt
DA:1,1
DA:3,1
DA:4,1
DA:7,6
DA:8,6
DA:9,2
DA:11,4
DA:15,7
DA:16,4
DA:17,4
DA:18,2
DA:19,2
DA:20,2
DA:21,2
DA:25,6
DA:27,2
DA:30,2
DA:31,1
DA:32,1
DA:33,1
DA:34,1
DA:35,1
DA:36,1
DA:40,1
DA:41,1
DA:42,1
DA:43,1
DA:44,1
DA:45,1
DA:46,1
DA:47,1
DA:50,1
LF:32
LH:32
BRDA:8,0,0,2
BRDA:8,0,1,4
BRDA:15,1,0,3
BRDA:15,1,1,4
BRDA:25,2,0,4
BRDA:25,2,1,2
BRDA:30,3,0,1
BRDA:30,3,1,1
BRF:8
BRH:8
end_of_record
